<?xml version="1.0" encoding="UTF-8"?>
<!-- Generated by org.testng.reporters.JUnitXMLReporter -->
<testsuite ignored="0" hostname="Angkanas-MBP.fios-router.home" failures="0" tests="3" name="Default test" time="73.88" errors="0" timestamp="2021-06-03T19:59:45 EDT">
  <testcase classname="tests.AmazonSearchTest" name="amazonSearchTest" time="26.177"/>
  <testcase classname="tests.AmazonSearchTest" name="dropDownTest" time="11.288"/>
  <testcase classname="tests.AmazonSearchTest" name="searchResultVerify" time="26.042"/>
</testsuite> <!-- Default test -->
