<?xml version="1.0" encoding="UTF-8"?>
<!-- Generated by org.testng.reporters.JUnitXMLReporter -->
<testsuite ignored="0" hostname="Angkanas-MBP.fios-router.home" failures="0" tests="3" name="Alerts" time="32.317" errors="0" timestamp="2021-06-03T20:37:05 EDT">
  <testcase classname="tests.SeleniumEasyAlertTests" name="firstAlertTest" time="5.412"/>
  <testcase classname="tests.SeleniumEasyAlertTests" name="secondAlertTest" time="5.244"/>
  <testcase classname="tests.SeleniumEasyAlertTests" name="thirdAlertTest" time="5.402"/>
</testsuite> <!-- Alerts -->
