<?xml version="1.0" encoding="UTF-8"?>
<!-- Generated by org.testng.reporters.JUnitXMLReporter -->
<testsuite ignored="0" hostname="Angkanas-MBP.fios-router.home" failures="0" tests="9" name="Smoke" time="93.798" errors="0" timestamp="2021-06-03T20:57:06 EDT">
  <testcase classname="tests.AmazonCreateAccountTest" name="f" time="0.007"/>
  <testcase classname="tests.AmazonAddToCartTest" name="f" time="0.003"/>
  <testcase classname="tests.AmazonItemPurchaseTest" name="f" time="0.001"/>
  <testcase classname="tests.AmazonSearchTest" name="amazonSearchTest" time="24.087"/>
  <testcase classname="tests.AmazonSearchTest" name="dropDownTest" time="10.837"/>
  <testcase classname="tests.AmazonSearchTest" name="searchResultVerify" time="23.941"/>
  <testcase classname="tests.SeleniumEasyAlertTests" name="firstAlertTest" time="6.692"/>
  <testcase classname="tests.SeleniumEasyAlertTests" name="secondAlertTest" time="5.089"/>
  <testcase classname="tests.SeleniumEasyAlertTests" name="thirdAlertTest" time="5.284"/>
</testsuite> <!-- Smoke -->
